<?xml version="1.0" encoding="UTF-8"?>
<!-- Generated by org.testng.reporters.JUnitXMLReporter -->
<testsuite ignored="7" hostname="DESKTOP-DLCGN6D" failures="0" tests="1" name="Default test" time="10.061" errors="0" timestamp="20 may. 2022 15:46:19 GMT">
  <testcase classname="com.orange.LoginTests" name="tc001" time="10.035"/>
  <testcase classname="com.orange.LoginTests" name="tc006" time="0.0">
    <ignored/>
  </testcase> <!-- tc006 -->
  <testcase classname="com.orange.LoginTests" name="tc005" time="0.0">
    <ignored/>
  </testcase> <!-- tc005 -->
  <testcase classname="com.orange.LoginTests" name="tc004" time="0.0">
    <ignored/>
  </testcase> <!-- tc004 -->
  <testcase classname="com.orange.LoginTests" name="tc002" time="0.0">
    <ignored/>
  </testcase> <!-- tc002 -->
  <testcase classname="com.orange.LoginTests" name="tc007" time="0.0">
    <ignored/>
  </testcase> <!-- tc007 -->
  <testcase classname="com.orange.LoginTests" name="tc003" time="0.0">
    <ignored/>
  </testcase> <!-- tc003 -->
  <testcase classname="com.orange.LoginTests" name="tc008" time="0.0">
    <ignored/>
  </testcase> <!-- tc008 -->
</testsuite> <!-- Default test -->
