<?xml version="1.0" encoding="UTF-8"?>
<testng-results ignored="0" total="1" passed="1" failed="0" skipped="0">
  <reporter-output>
  </reporter-output>
  <suite started-at="2022-04-27T01:47:46Z" name="Default suite" finished-at="2022-04-27T01:48:06Z" duration-ms="19171">
    <groups>
    </groups>
    <test started-at="2022-04-27T01:47:46Z" name="Default test" finished-at="2022-04-27T01:48:06Z" duration-ms="19171">
      <class name="com.google.FirstTest">
        <test-method signature="f()[pri:0, instance:com.google.FirstTest@5454d35e]" started-at="2022-04-27T01:47:46Z" name="f" finished-at="2022-04-27T01:48:06Z" duration-ms="19118" status="PASS">
          <reporter-output>
          </reporter-output>
        </test-method> <!-- f -->
      </class> <!-- com.google.FirstTest -->
    </test> <!-- Default test -->
  </suite> <!-- Default suite -->
</testng-results>
